<?xml version="1.0" encoding="UTF-8"?>
<!-- Generated by org.testng.reporters.JUnitReportReporter -->
<testsuite hostname="DESKTOP-P12LN1L" failures="0" tests="1" name="tests.SwagLabs_Test" time="0.861" errors="0" timestamp="2024-08-18T15:08:34 IST" skipped="0">
  <testcase classname="tests.SwagLabs_Test" name="swagLabTestCases" time="0.861"/>
  <system-out/>
</testsuite> <!-- tests.SwagLabs_Test -->
