<?xml version="1.0" encoding="UTF-8"?>
<!-- Generated by org.testng.reporters.JUnitReportReporter -->
<testsuite hostname="DESKTOP-P12LN1L" failures="0" tests="1" name="test.SwagLabs_Test" time="0.647" errors="0" timestamp="2024-08-18T14:50:37 IST" skipped="0">
  <testcase classname="test.SwagLabs_Test" name="swagLabTestCases" time="0.647"/>
  <system-out/>
</testsuite> <!-- test.SwagLabs_Test -->
