<?xml version="1.0" encoding="UTF-8"?>
<!-- Generated by org.testng.reporters.JUnitReportReporter -->
<testsuite hostname="DESKTOP-PJQ4V1R" failures="0" tests="1" name="test.LoginTest" time="0.974" errors="0" timestamp="2024-03-27T18:17:25 IST" skipped="0">
  <testcase classname="test.LoginTest" name="loginTestCases" time="0.974"/>
  <system-out/>
</testsuite> <!-- test.LoginTest -->
