<?xml version="1.0" encoding="UTF-8"?>
<!-- Generated by org.testng.reporters.JUnitReportReporter -->
<testsuite hostname="DESKTOP-P12LN1L" failures="0" tests="1" name="test.SwagLabs_Test" time="1.250" errors="0" timestamp="2024-05-29T23:48:35 IST" skipped="0">
  <testcase classname="test.SwagLabs_Test" name="swagLabTestCases" time="1.250"/>
  <system-out/>
</testsuite> <!-- test.SwagLabs_Test -->
