<?xml version="1.0" encoding="UTF-8"?>
<!-- Generated by org.testng.reporters.JUnitReportReporter -->
<testsuite hostname="DESKTOP-P12LN1L" failures="0" tests="1" name="test.SwagLabs_Test" time="0.492" errors="0" timestamp="2024-05-30T01:56:17 IST" skipped="0">
  <testcase classname="test.SwagLabs_Test" name="swagLabTestCases" time="0.492"/>
</testsuite> <!-- test.SwagLabs_Test -->
